<?xml version="1.0" encoding="UTF-8"?>
<!-- Generated by org.testng.reporters.JUnitXMLReporter -->
<testsuite ignored="2" hostname="DESKTOP-VIB6UCD" failures="0" tests="5" name="Default test" time="168.931" errors="0" timestamp="2021-12-08T16:52:46 IST">
  <testcase classname="com.crm.comcast.Test.ContactPageTest" name="createConatctWithOrgTest" time="34.825"/>
  <testcase classname="com.crm.comcast.Test.ContactPageTest" name="createContactWithLastNameTest" time="15.584"/>
  <testcase classname="com.crm.comcast.Test.ContactPageTest" name="createContact_Support_DateTest" time="17.252"/>
  <testcase classname="com.crm.comcast.Test.CreateOrganizationTest1" name="createOrganizationTest" time="23.402"/>
  <testcase classname="com.crm.comcast.Test.CreateOrganizationTest1" name="createOrganization_With_Industries_And_Type_Test" time="20.889"/>
  <testcase classname="comcast.crm.SDET_26.GenericUtility.BaseAnnotationClass" name="@BeforeSuite config_BS" time="0.0">
    <ignored/>
  </testcase> <!-- @BeforeSuite config_BS -->
  <testcase classname="comcast.crm.SDET_26.GenericUtility.BaseAnnotationClass" name="@AfterSuite config_AS" time="0.0">
    <ignored/>
  </testcase> <!-- @AfterSuite config_AS -->
</testsuite> <!-- Default test -->
