<?xml version="1.0" encoding="UTF-8"?>
<!-- Generated by org.testng.reporters.JUnitXMLReporter -->
<testsuite ignored="0" hostname="DESKTOP-VIB6UCD" failures="0" tests="2" name="Test2" time="87.93" errors="0" timestamp="2021-12-08T17:06:48 IST">
  <testcase classname="com.crm.comcast.Test.CreateOrganizationTest1" name="createOrganizationTest" time="30.472"/>
  <testcase classname="com.crm.comcast.Test.CreateOrganizationTest1" name="createOrganization_With_Industries_And_Type_Test" time="22.39"/>
</testsuite> <!-- Test2 -->
