<?xml version="1.0" encoding="UTF-8"?>
<!-- Generated by org.testng.reporters.JUnitXMLReporter -->
<testsuite ignored="0" hostname="DESKTOP-VIB6UCD" failures="0" tests="3" name="Test1" time="126.631" errors="0" timestamp="2021-12-08T17:07:27 IST">
  <testcase classname="com.crm.comcast.Test.ContactPageTest" name="createConatctWithOrgTest" time="48.031"/>
  <testcase classname="com.crm.comcast.Test.ContactPageTest" name="createContactWithLastNameTest" time="16.811"/>
  <testcase classname="com.crm.comcast.Test.ContactPageTest" name="createContact_Support_DateTest" time="15.473"/>
</testsuite> <!-- Test1 -->
