<?xml version="1.0" encoding="UTF-8"?>
<!-- Generated by org.testng.reporters.JUnitXMLReporter -->
<testsuite ignored="2" hostname="DESKTOP-VIB6UCD" failures="0" tests="5" name="Test111" time="0.533" errors="0" timestamp="2021-12-06T17:03:48 IST">
  <testcase classname="comcast.crm.SDET_26.GenericUtility.BaseAnnotationClass" name="@BeforeSuite config_BS" time="0.766">
    <failure type="java.sql.SQLSyntaxErrorException" message="Unknown database &amp;apos;projects&amp;apos;">
      <![CDATA[java.sql.SQLSyntaxErrorException: Unknown database 'projects'
at com.mysql.cj.jdbc.exceptions.SQLError.createSQLException(SQLError.java:120)
at com.mysql.cj.jdbc.exceptions.SQLExceptionsMapping.translateException(SQLExceptionsMapping.java:122)
at com.mysql.cj.jdbc.ConnectionImpl.createNewIO(ConnectionImpl.java:828)
at com.mysql.cj.jdbc.ConnectionImpl.<init>(ConnectionImpl.java:448)
at com.mysql.cj.jdbc.ConnectionImpl.getInstance(ConnectionImpl.java:241)
at com.mysql.cj.jdbc.NonRegisteringDriver.connect(NonRegisteringDriver.java:198)
at java.sql/java.sql.DriverManager.getConnection(DriverManager.java:681)
at java.sql/java.sql.DriverManager.getConnection(DriverManager.java:229)
at comcast.crm.SDET_26.GenericUtility.DataBaseUtilities.connectToDB(DataBaseUtilities.java:29)
at comcast.crm.SDET_26.GenericUtility.BaseAnnotationClass.config_BS(BaseAnnotationClass.java:31)
... Removed 19 stack frames]]>
    </failure>
  </testcase> <!-- @BeforeSuite config_BS -->
  <testcase classname="comcast.crm.SDET_26.GenericUtility.BaseAnnotationClass" name="@BeforeClass config_BC" time="-1.638790428159E9">
    <skipped/>
  </testcase> <!-- @BeforeClass config_BC -->
  <testcase classname="comcast.crm.SDET_26.GenericUtility.BaseAnnotationClass" name="@BeforeMethod config_BM" time="-1.638790428202E9">
    <skipped/>
  </testcase> <!-- @BeforeMethod config_BM -->
  <testcase classname="comcast.crm.SDET_26.GenericUtility.BaseAnnotationClass" name="@AfterMethod config_AM" time="-1.638790428235E9">
    <skipped/>
  </testcase> <!-- @AfterMethod config_AM -->
  <testcase classname="comcast.crm.SDET_26.GenericUtility.BaseAnnotationClass" name="@BeforeMethod config_BM" time="-1.638790428249E9">
    <skipped/>
  </testcase> <!-- @BeforeMethod config_BM -->
  <testcase classname="comcast.crm.SDET_26.GenericUtility.BaseAnnotationClass" name="@AfterMethod config_AM" time="-1.638790428442E9">
    <skipped/>
  </testcase> <!-- @AfterMethod config_AM -->
  <testcase classname="comcast.crm.SDET_26.GenericUtility.BaseAnnotationClass" name="@BeforeMethod config_BM" time="-1.638790428452E9">
    <skipped/>
  </testcase> <!-- @BeforeMethod config_BM -->
  <testcase classname="comcast.crm.SDET_26.GenericUtility.BaseAnnotationClass" name="@AfterMethod config_AM" time="-1.638790428495E9">
    <skipped/>
  </testcase> <!-- @AfterMethod config_AM -->
  <testcase classname="comcast.crm.SDET_26.GenericUtility.BaseAnnotationClass" name="@AfterClass config_AC" time="-1.638790428514E9">
    <skipped/>
  </testcase> <!-- @AfterClass config_AC -->
  <testcase classname="comcast.crm.SDET_26.GenericUtility.BaseAnnotationClass" name="@BeforeClass config_BC" time="-1.638790428532E9">
    <skipped/>
  </testcase> <!-- @BeforeClass config_BC -->
  <testcase classname="comcast.crm.SDET_26.GenericUtility.BaseAnnotationClass" name="@BeforeMethod config_BM" time="-1.638790428547E9">
    <skipped/>
  </testcase> <!-- @BeforeMethod config_BM -->
  <testcase classname="comcast.crm.SDET_26.GenericUtility.BaseAnnotationClass" name="@AfterMethod config_AM" time="-1.638790428602E9">
    <skipped/>
  </testcase> <!-- @AfterMethod config_AM -->
  <testcase classname="comcast.crm.SDET_26.GenericUtility.BaseAnnotationClass" name="@BeforeMethod config_BM" time="-1.638790428607E9">
    <skipped/>
  </testcase> <!-- @BeforeMethod config_BM -->
  <testcase classname="comcast.crm.SDET_26.GenericUtility.BaseAnnotationClass" name="@AfterMethod config_AM" time="-1.638790428623E9">
    <skipped/>
  </testcase> <!-- @AfterMethod config_AM -->
  <testcase classname="comcast.crm.SDET_26.GenericUtility.BaseAnnotationClass" name="@AfterClass config_AC" time="-1.638790428631E9">
    <skipped/>
  </testcase> <!-- @AfterClass config_AC -->
  <testcase classname="com.crm.comcast.Test.ContactPageTest" name="createConatctWithOrgTest" time="0.0">
    <skipped/>
  </testcase> <!-- createConatctWithOrgTest -->
  <testcase classname="com.crm.comcast.Test.ContactPageTest" name="createContactWithLastNameTest" time="0.0">
    <skipped/>
  </testcase> <!-- createContactWithLastNameTest -->
  <testcase classname="com.crm.comcast.Test.ContactPageTest" name="createContact_Support_DateTest" time="0.0">
    <skipped/>
  </testcase> <!-- createContact_Support_DateTest -->
  <testcase classname="com.crm.comcast.Test.CreateOrganizationTest1" name="createOrganizationTest" time="0.0">
    <skipped/>
  </testcase> <!-- createOrganizationTest -->
  <testcase classname="com.crm.comcast.Test.CreateOrganizationTest1" name="createOrganization_With_Industries_And_Type_Test" time="0.0">
    <skipped/>
  </testcase> <!-- createOrganization_With_Industries_And_Type_Test -->
  <testcase classname="comcast.crm.SDET_26.GenericUtility.BaseAnnotationClass" name="@BeforeSuite config_BS" time="0.0">
    <ignored/>
  </testcase> <!-- @BeforeSuite config_BS -->
  <testcase classname="comcast.crm.SDET_26.GenericUtility.BaseAnnotationClass" name="@AfterSuite config_AS" time="0.0">
    <ignored/>
  </testcase> <!-- @AfterSuite config_AS -->
</testsuite> <!-- Test111 -->
